<?xml version="1.0" encoding="UTF-8"?>
<!-- Generated by org.testng.reporters.JUnitXMLReporter -->
<testsuite ignored="0" hostname="DESKTOP-N5MSC7V" failures="0" tests="12" name="Default test" time="28.551" errors="0" timestamp="2026-04-05T22:00:14 IST">
  <testcase classname="tests.BookingBookerTest" name="getToken" time="7.594"/>
  <testcase classname="tests.BookingBookerTest" name="createBooking" time="1.895"/>
  <testcase classname="tests.BookingBookerTest" name="getBooking" time="1.817"/>
  <testcase classname="tests.BookingBookerTest" name="updateBooking" time="2.578"/>
  <testcase classname="tests.BookingBookerTest" name="deleteBooking" time="1.579"/>
  <testcase classname="tests.BookingBookerTest" name="invalidAuth" time="1.632"/>
  <testcase classname="tests.BookingBookerTest" name="getInvalidBooking" time="1.62"/>
  <testcase classname="tests.BookingBookerTest" name="updateWithoutToken" time="1.52"/>
  <testcase classname="tests.BookingBookerTest" name="deleteWithoutToken" time="1.626"/>
  <testcase classname="tests.BookingBookerTest" name="updateWithInvalidToken" time="1.527"/>
  <testcase classname="tests.BookingBookerTest" name="deleteWithInvalidToken" time="1.486"/>
  <testcase classname="tests.BookingBookerTest" name="createInvalidBooking" time="1.559"/>
</testsuite> <!-- Default test -->
