<?xml version="1.0" encoding="UTF-8"?>
<!-- Generated by org.testng.reporters.JUnitXMLReporter -->
<testsuite ignored="0" hostname="DESKTOP-N5MSC7V" failures="0" tests="12" name="Default test" time="20.34" errors="0" timestamp="2026-04-05T22:10:05 IST">
  <testcase classname="tests.BookingBookerTest" name="getToken" time="4.15"/>
  <testcase classname="tests.BookingBookerTest" name="createBooking" time="1.485"/>
  <testcase classname="tests.BookingBookerTest" name="getBooking" time="1.434"/>
  <testcase classname="tests.BookingBookerTest" name="updateBooking" time="1.796"/>
  <testcase classname="tests.BookingBookerTest" name="deleteBooking" time="1.248"/>
  <testcase classname="tests.BookingBookerTest" name="invalidAuth" time="1.372"/>
  <testcase classname="tests.BookingBookerTest" name="getInvalidBooking" time="1.421"/>
  <testcase classname="tests.BookingBookerTest" name="updateWithoutToken" time="1.328"/>
  <testcase classname="tests.BookingBookerTest" name="deleteWithoutToken" time="1.287"/>
  <testcase classname="tests.BookingBookerTest" name="updateWithInvalidToken" time="1.292"/>
  <testcase classname="tests.BookingBookerTest" name="deleteWithInvalidToken" time="1.306"/>
  <testcase classname="tests.BookingBookerTest" name="createInvalidBooking" time="1.308"/>
</testsuite> <!-- Default test -->
