<?xml version="1.0" encoding="UTF-8"?>
<testng-results ignored="0" total="12" passed="12" failed="0" skipped="0">
  <reporter-output>
  </reporter-output>
  <suite started-at="2026-04-05T21:59:46 IST" name="Default suite" finished-at="2026-04-05T22:00:14 IST" duration-ms="28551">
    <groups>
    </groups>
    <test started-at="2026-04-05T21:59:46 IST" name="Default test" finished-at="2026-04-05T22:00:14 IST" duration-ms="28551">
      <class name="tests.BookingBookerTest">
        <test-method is-config="true" signature="setup()[pri:0, instance:tests.BookingBookerTest@55493582]" started-at="2026-04-05T21:59:46 IST" name="setup" finished-at="2026-04-05T21:59:47 IST" duration-ms="1602" status="PASS">
          <reporter-output>
          </reporter-output>
        </test-method> <!-- setup -->
        <test-method signature="getToken()[pri:0, instance:tests.BookingBookerTest@55493582]" started-at="2026-04-05T21:59:48 IST" name="getToken" finished-at="2026-04-05T21:59:55 IST" duration-ms="7594" status="PASS">
          <reporter-output>
          </reporter-output>
        </test-method> <!-- getToken -->
        <test-method signature="createBooking()[pri:0, instance:tests.BookingBookerTest@55493582]" started-at="2026-04-05T21:59:55 IST" name="createBooking" finished-at="2026-04-05T21:59:57 IST" depends-on-methods="tests.BookingBookerTest.getToken" duration-ms="1895" status="PASS">
          <reporter-output>
          </reporter-output>
        </test-method> <!-- createBooking -->
        <test-method signature="getBooking()[pri:0, instance:tests.BookingBookerTest@55493582]" started-at="2026-04-05T21:59:57 IST" name="getBooking" finished-at="2026-04-05T21:59:59 IST" depends-on-methods="tests.BookingBookerTest.createBooking" duration-ms="1817" status="PASS">
          <reporter-output>
          </reporter-output>
        </test-method> <!-- getBooking -->
        <test-method signature="updateBooking()[pri:0, instance:tests.BookingBookerTest@55493582]" started-at="2026-04-05T21:59:59 IST" name="updateBooking" finished-at="2026-04-05T22:00:02 IST" depends-on-methods="tests.BookingBookerTest.getBooking" duration-ms="2578" status="PASS">
          <reporter-output>
          </reporter-output>
        </test-method> <!-- updateBooking -->
        <test-method signature="deleteBooking()[pri:0, instance:tests.BookingBookerTest@55493582]" started-at="2026-04-05T22:00:02 IST" name="deleteBooking" finished-at="2026-04-05T22:00:03 IST" depends-on-methods="tests.BookingBookerTest.updateBooking" duration-ms="1579" status="PASS">
          <reporter-output>
          </reporter-output>
        </test-method> <!-- deleteBooking -->
        <test-method signature="invalidAuth()[pri:0, instance:tests.BookingBookerTest@55493582]" started-at="2026-04-05T22:00:03 IST" name="invalidAuth" finished-at="2026-04-05T22:00:05 IST" depends-on-methods="tests.BookingBookerTest.deleteBooking" duration-ms="1632" status="PASS">
          <reporter-output>
          </reporter-output>
        </test-method> <!-- invalidAuth -->
        <test-method signature="getInvalidBooking()[pri:0, instance:tests.BookingBookerTest@55493582]" started-at="2026-04-05T22:00:05 IST" name="getInvalidBooking" finished-at="2026-04-05T22:00:06 IST" depends-on-methods="tests.BookingBookerTest.invalidAuth" duration-ms="1620" status="PASS">
          <reporter-output>
          </reporter-output>
        </test-method> <!-- getInvalidBooking -->
        <test-method signature="updateWithoutToken()[pri:0, instance:tests.BookingBookerTest@55493582]" started-at="2026-04-05T22:00:07 IST" name="updateWithoutToken" finished-at="2026-04-05T22:00:08 IST" depends-on-methods="tests.BookingBookerTest.getInvalidBooking" duration-ms="1520" status="PASS">
          <reporter-output>
          </reporter-output>
        </test-method> <!-- updateWithoutToken -->
        <test-method signature="deleteWithoutToken()[pri:0, instance:tests.BookingBookerTest@55493582]" started-at="2026-04-05T22:00:08 IST" name="deleteWithoutToken" finished-at="2026-04-05T22:00:10 IST" depends-on-methods="tests.BookingBookerTest.updateWithoutToken" duration-ms="1626" status="PASS">
          <reporter-output>
          </reporter-output>
        </test-method> <!-- deleteWithoutToken -->
        <test-method signature="updateWithInvalidToken()[pri:0, instance:tests.BookingBookerTest@55493582]" started-at="2026-04-05T22:00:10 IST" name="updateWithInvalidToken" finished-at="2026-04-05T22:00:11 IST" depends-on-methods="tests.BookingBookerTest.deleteWithoutToken" duration-ms="1527" status="PASS">
          <reporter-output>
          </reporter-output>
        </test-method> <!-- updateWithInvalidToken -->
        <test-method signature="deleteWithInvalidToken()[pri:0, instance:tests.BookingBookerTest@55493582]" started-at="2026-04-05T22:00:11 IST" name="deleteWithInvalidToken" finished-at="2026-04-05T22:00:13 IST" depends-on-methods="tests.BookingBookerTest.updateWithInvalidToken" duration-ms="1486" status="PASS">
          <reporter-output>
          </reporter-output>
        </test-method> <!-- deleteWithInvalidToken -->
        <test-method signature="createInvalidBooking()[pri:0, instance:tests.BookingBookerTest@55493582]" started-at="2026-04-05T22:00:13 IST" name="createInvalidBooking" finished-at="2026-04-05T22:00:14 IST" depends-on-methods="tests.BookingBookerTest.deleteWithInvalidToken" duration-ms="1559" status="PASS">
          <reporter-output>
          </reporter-output>
        </test-method> <!-- createInvalidBooking -->
      </class> <!-- tests.BookingBookerTest -->
    </test> <!-- Default test -->
  </suite> <!-- Default suite -->
</testng-results>
