<?xml version="1.0" encoding="UTF-8"?>
<testng-results ignored="0" total="12" passed="12" failed="0" skipped="0">
  <reporter-output>
  </reporter-output>
  <suite started-at="2026-03-31T19:59:41 IST" name="Default suite" finished-at="2026-03-31T20:00:03 IST" duration-ms="22587">
    <groups>
    </groups>
    <test started-at="2026-03-31T19:59:41 IST" name="Default test" finished-at="2026-03-31T20:00:03 IST" duration-ms="22587">
      <class name="tests.BookingBookerTest">
        <test-method is-config="true" signature="setup()[pri:0, instance:tests.BookingBookerTest@27eedb64]" started-at="2026-03-31T19:59:41 IST" name="setup" finished-at="2026-03-31T19:59:42 IST" duration-ms="675" status="PASS">
          <reporter-output>
          </reporter-output>
        </test-method> <!-- setup -->
        <test-method signature="getToken()[pri:0, instance:tests.BookingBookerTest@27eedb64]" started-at="2026-03-31T19:59:42 IST" name="getToken" finished-at="2026-03-31T19:59:46 IST" duration-ms="4835" status="PASS">
          <reporter-output>
          </reporter-output>
        </test-method> <!-- getToken -->
        <test-method signature="createBooking()[pri:0, instance:tests.BookingBookerTest@27eedb64]" started-at="2026-03-31T19:59:47 IST" name="createBooking" finished-at="2026-03-31T19:59:48 IST" depends-on-methods="tests.BookingBookerTest.getToken" duration-ms="1725" status="PASS">
          <reporter-output>
          </reporter-output>
        </test-method> <!-- createBooking -->
        <test-method signature="getBooking()[pri:0, instance:tests.BookingBookerTest@27eedb64]" started-at="2026-03-31T19:59:48 IST" name="getBooking" finished-at="2026-03-31T19:59:50 IST" depends-on-methods="tests.BookingBookerTest.createBooking" duration-ms="1732" status="PASS">
          <reporter-output>
          </reporter-output>
        </test-method> <!-- getBooking -->
        <test-method signature="updateBooking()[pri:0, instance:tests.BookingBookerTest@27eedb64]" started-at="2026-03-31T19:59:50 IST" name="updateBooking" finished-at="2026-03-31T19:59:52 IST" depends-on-methods="tests.BookingBookerTest.getBooking" duration-ms="1889" status="PASS">
          <reporter-output>
          </reporter-output>
        </test-method> <!-- updateBooking -->
        <test-method signature="deleteBooking()[pri:0, instance:tests.BookingBookerTest@27eedb64]" started-at="2026-03-31T19:59:52 IST" name="deleteBooking" finished-at="2026-03-31T19:59:53 IST" depends-on-methods="tests.BookingBookerTest.updateBooking" duration-ms="1582" status="PASS">
          <reporter-output>
          </reporter-output>
        </test-method> <!-- deleteBooking -->
        <test-method signature="invalidAuth()[pri:0, instance:tests.BookingBookerTest@27eedb64]" started-at="2026-03-31T19:59:53 IST" name="invalidAuth" finished-at="2026-03-31T19:59:55 IST" depends-on-methods="tests.BookingBookerTest.deleteBooking" duration-ms="1286" status="PASS">
          <reporter-output>
          </reporter-output>
        </test-method> <!-- invalidAuth -->
        <test-method signature="getInvalidBooking()[pri:0, instance:tests.BookingBookerTest@27eedb64]" started-at="2026-03-31T19:59:55 IST" name="getInvalidBooking" finished-at="2026-03-31T19:59:56 IST" depends-on-methods="tests.BookingBookerTest.invalidAuth" duration-ms="1583" status="PASS">
          <reporter-output>
          </reporter-output>
        </test-method> <!-- getInvalidBooking -->
        <test-method signature="updateWithoutToken()[pri:0, instance:tests.BookingBookerTest@27eedb64]" started-at="2026-03-31T19:59:56 IST" name="updateWithoutToken" finished-at="2026-03-31T19:59:58 IST" depends-on-methods="tests.BookingBookerTest.getInvalidBooking" duration-ms="1759" status="PASS">
          <reporter-output>
          </reporter-output>
        </test-method> <!-- updateWithoutToken -->
        <test-method signature="deleteWithoutToken()[pri:0, instance:tests.BookingBookerTest@27eedb64]" started-at="2026-03-31T19:59:58 IST" name="deleteWithoutToken" finished-at="2026-03-31T20:00:00 IST" depends-on-methods="tests.BookingBookerTest.updateWithoutToken" duration-ms="1433" status="PASS">
          <reporter-output>
          </reporter-output>
        </test-method> <!-- deleteWithoutToken -->
        <test-method signature="updateWithInvalidToken()[pri:0, instance:tests.BookingBookerTest@27eedb64]" started-at="2026-03-31T20:00:00 IST" name="updateWithInvalidToken" finished-at="2026-03-31T20:00:01 IST" depends-on-methods="tests.BookingBookerTest.deleteWithoutToken" duration-ms="1218" status="PASS">
          <reporter-output>
          </reporter-output>
        </test-method> <!-- updateWithInvalidToken -->
        <test-method signature="deleteWithInvalidToken()[pri:0, instance:tests.BookingBookerTest@27eedb64]" started-at="2026-03-31T20:00:01 IST" name="deleteWithInvalidToken" finished-at="2026-03-31T20:00:02 IST" depends-on-methods="tests.BookingBookerTest.updateWithInvalidToken" duration-ms="1162" status="PASS">
          <reporter-output>
          </reporter-output>
        </test-method> <!-- deleteWithInvalidToken -->
        <test-method signature="createInvalidBooking()[pri:0, instance:tests.BookingBookerTest@27eedb64]" started-at="2026-03-31T20:00:02 IST" name="createInvalidBooking" finished-at="2026-03-31T20:00:03 IST" depends-on-methods="tests.BookingBookerTest.deleteWithInvalidToken" duration-ms="1441" status="PASS">
          <reporter-output>
          </reporter-output>
        </test-method> <!-- createInvalidBooking -->
      </class> <!-- tests.BookingBookerTest -->
    </test> <!-- Default test -->
  </suite> <!-- Default suite -->
</testng-results>
