<?xml version="1.0" encoding="UTF-8"?>
<!-- Generated by org.testng.reporters.JUnitReportReporter -->
<testsuite hostname="DESKTOP-N5MSC7V" failures="0" tests="5" name="tests.Usercrud" time="94.273" errors="0" timestamp="2026-03-23T20:31:02 IST" skipped="0">
  <testcase classname="tests.Usercrud" name="createUser" time="20.413"/>
  <testcase classname="tests.Usercrud" name="getUser" time="17.923"/>
  <testcase classname="tests.Usercrud" name="updateUser" time="19.013"/>
  <testcase classname="tests.Usercrud" name="updatePartialUser" time="18.199"/>
  <testcase classname="tests.Usercrud" name="deleteUser" time="18.725"/>
</testsuite> <!-- tests.Usercrud -->
