<?xml version="1.0" encoding="UTF-8"?>
<!-- Generated by org.testng.reporters.JUnitReportReporter -->
<testsuite hostname="DESKTOP-N5MSC7V" failures="0" tests="6" name="tests.MultipleBookingTest" time="17.877" errors="0" timestamp="2026-03-30T19:20:21 IST" skipped="0">
  <testcase classname="tests.MultipleBookingTest" name="getToken" time="3.502"/>
  <testcase classname="tests.MultipleBookingTest" name="createMultipleBookings" time="1.691"/>
  <testcase classname="tests.MultipleBookingTest" name="updateAllBookings" time="4.472"/>
  <testcase classname="tests.MultipleBookingTest" name="createMultipleBookings" time="1.502"/>
  <testcase classname="tests.MultipleBookingTest" name="deleteAllBookings" time="5.117"/>
  <testcase classname="tests.MultipleBookingTest" name="createMultipleBookings" time="1.593"/>
</testsuite> <!-- tests.MultipleBookingTest -->
