<?xml version="1.0" encoding="UTF-8"?>
<!-- Generated by org.testng.reporters.JUnitReportReporter -->
<testsuite hostname="DESKTOP-N5MSC7V" failures="0" tests="5" name="tests.DummyJsonSite" time="6.308" errors="0" timestamp="2026-03-25T20:17:04 IST" skipped="0">
  <testcase classname="tests.DummyJsonSite" name="login" time="3.848"/>
  <testcase classname="tests.DummyJsonSite" name="createProduct" time="0.590"/>
  <testcase classname="tests.DummyJsonSite" name="getProduct" time="0.689"/>
  <testcase classname="tests.DummyJsonSite" name="updateProduct" time="0.576"/>
  <testcase classname="tests.DummyJsonSite" name="deleteProduct" time="0.605"/>
</testsuite> <!-- tests.DummyJsonSite -->
