<?xml version="1.0" encoding="UTF-8"?>
<!-- Generated by org.testng.reporters.JUnitReportReporter -->
<testsuite hostname="DESKTOP-N5MSC7V" failures="0" tests="12" name="tests.BookingBookerTest" time="21.645" errors="0" timestamp="2026-03-31T20:00:04 IST" skipped="0">
  <testcase classname="tests.BookingBookerTest" name="getInvalidBooking" time="1.583"/>
  <testcase classname="tests.BookingBookerTest" name="getBooking" time="1.732"/>
  <testcase classname="tests.BookingBookerTest" name="createBooking" time="1.725"/>
  <testcase classname="tests.BookingBookerTest" name="updateWithoutToken" time="1.759"/>
  <testcase classname="tests.BookingBookerTest" name="createInvalidBooking" time="1.441"/>
  <testcase classname="tests.BookingBookerTest" name="updateBooking" time="1.889"/>
  <testcase classname="tests.BookingBookerTest" name="invalidAuth" time="1.286"/>
  <testcase classname="tests.BookingBookerTest" name="deleteWithoutToken" time="1.433"/>
  <testcase classname="tests.BookingBookerTest" name="updateWithInvalidToken" time="1.218"/>
  <testcase classname="tests.BookingBookerTest" name="deleteWithInvalidToken" time="1.162"/>
  <testcase classname="tests.BookingBookerTest" name="deleteBooking" time="1.582"/>
  <testcase classname="tests.BookingBookerTest" name="getToken" time="4.835"/>
</testsuite> <!-- tests.BookingBookerTest -->
